0 info it worked if it ends with ok
1 verbose cli [ '/usr/bin/nodejs', '/usr/bin/npm', 'publish' ]
2 info using npm@3.10.10
3 info using node@v6.11.1
4 verbose publish [ '.' ]
5 silly cache add args [ '.', null ]
6 verbose cache add spec .
7 silly cache add parsed spec Result {
7 silly cache add   raw: '.',
7 silly cache add   scope: null,
7 silly cache add   escapedName: null,
7 silly cache add   name: null,
7 silly cache add   rawSpec: '.',
7 silly cache add   spec: '/home/ups/Documents/Knowledge.Observatory/Continuous.Training/Platzi/Javascript.Development/Fundamentos.Javascript/Paquetes.NPM/platzom',
7 silly cache add   type: 'directory' }
8 verbose addLocalDirectory /home/ups/.npm/platzom/0.1.0/package.tgz not in flight; packing
9 verbose correctMkdir /home/ups/.npm correctMkdir not in flight; initializing
10 info lifecycle platzom@0.1.0~prepublish: platzom@0.1.0
11 silly lifecycle platzom@0.1.0~prepublish: no script for prepublish, continuing
12 verbose tar pack [ '/home/ups/.npm/platzom/0.1.0/package.tgz',
12 verbose tar pack   '/home/ups/Documents/Knowledge.Observatory/Continuous.Training/Platzi/Javascript.Development/Fundamentos.Javascript/Paquetes.NPM/platzom' ]
13 verbose tarball /home/ups/.npm/platzom/0.1.0/package.tgz
14 verbose folder /home/ups/Documents/Knowledge.Observatory/Continuous.Training/Platzi/Javascript.Development/Fundamentos.Javascript/Paquetes.NPM/platzom
15 verbose addLocalTarball adding from inside cache /home/ups/.npm/platzom/0.1.0/package.tgz
16 verbose correctMkdir /home/ups/.npm correctMkdir not in flight; initializing
17 silly cache afterAdd platzom@0.1.0
18 verbose afterAdd /home/ups/.npm/platzom/0.1.0/package/package.json not in flight; writing
19 verbose correctMkdir /home/ups/.npm correctMkdir not in flight; initializing
20 verbose afterAdd /home/ups/.npm/platzom/0.1.0/package/package.json written
21 silly publish { name: 'platzom',
21 silly publish   version: '0.1.0',
21 silly publish   description: 'Traductor de idioma platzom',
21 silly publish   main: 'dist/src/platzom.js',
21 silly publish   scripts: { build: 'babel src/platzom.js -d dist', test: 'mocha' },
21 silly publish   repository:
21 silly publish    { type: 'git',
21 silly publish      url: 'git+https://github.com/daniejps10/platzom.git' },
21 silly publish   keywords: [ 'platzom', 'fundamentos', 'javascript', 'js' ],
21 silly publish   author: { name: 'Daniel Pulla', email: 'daniel.javier.pulla@gmail.com' },
21 silly publish   license: 'MIT',
21 silly publish   devDependencies:
21 silly publish    { 'babel-cli': '^6.26.0',
21 silly publish      'babel-preset-env': '^1.6.0',
21 silly publish      chai: '^4.1.1',
21 silly publish      mocha: '^3.5.0' },
21 silly publish   readme: '# Arcadapp\n\nPlatzom es un idioma inventado para el [Curso de fundamentos de JavaScript](https://platzi.com/js) de [Platzi](https://platzi.com), el mejor lugar de educación online\n\n## Descripción del idioma\n\n- Si la palabra termina en "ar", se le quitan esos caracteres\n- Si la palabra inicia con Z, se le añade "pe" al final\n- Si la palabra traducida tiene 10 o más letras, se debe partir a la mitad y unir con un guión del medio\n- Si la palabra original es un palíndromo, ninguna regla anterior cuenta y se devuelve la misma palabra intercalando mayúsculas y minúsculas\n \n## Instalación \n\n``` \nnpm install platzom\n```\n\n## Uso\n\n```\nimport platzom from \'platzom\'\n\nplatzom("Programar") //Program\nplatzom("Zorro") //Zorrope\nplatzom("Zarpar") //Zarppe\nplatzom("abecedario") //abece-dario\nplatzom("sometemos") //SoMeTeMoS\n``` \n\n## Créditos\n\n- [Daniel Pulla](https://twitter.com/daniepulla)\n\n## Licencia\n\n[MIT](https://opensource.org/licenses/MIT)',
21 silly publish   readmeFilename: 'README.md',
21 silly publish   gitHead: '00edb5142fd73750085f192cd77437458f15075b',
21 silly publish   bugs: { url: 'https://github.com/daniejps10/platzom/issues' },
21 silly publish   homepage: 'https://github.com/daniejps10/platzom#readme',
21 silly publish   _id: 'platzom@0.1.0',
21 silly publish   _shasum: '95bbe5b0093b42f28d46fa0ca53838a42ecb6640',
21 silly publish   _from: '.' }
22 verbose getPublishConfig undefined
23 silly mapToRegistry name platzom
24 silly mapToRegistry using default registry
25 silly mapToRegistry registry https://registry.npmjs.org/
26 silly mapToRegistry data Result {
26 silly mapToRegistry   raw: 'platzom',
26 silly mapToRegistry   scope: null,
26 silly mapToRegistry   escapedName: 'platzom',
26 silly mapToRegistry   name: 'platzom',
26 silly mapToRegistry   rawSpec: '',
26 silly mapToRegistry   spec: 'latest',
26 silly mapToRegistry   type: 'tag' }
27 silly mapToRegistry uri https://registry.npmjs.org/platzom
28 verbose publish registryBase https://registry.npmjs.org/
29 silly publish uploading /home/ups/.npm/platzom/0.1.0/package.tgz
30 verbose request uri https://registry.npmjs.org/platzom
31 verbose request sending authorization for write operation
32 info attempt registry request try #1 at 10:51:33 AM
33 verbose request using bearer token for auth
34 verbose request id 994804f904fa8a8a
35 http request PUT https://registry.npmjs.org/platzom
36 http 403 https://registry.npmjs.org/platzom
37 verbose headers { 'content-type': 'application/json',
37 verbose headers   'cache-control': 'max-age=300',
37 verbose headers   'content-length': '101',
37 verbose headers   'accept-ranges': 'bytes',
37 verbose headers   date: 'Thu, 17 Aug 2017 15:51:33 GMT',
37 verbose headers   via: '1.1 varnish',
37 verbose headers   connection: 'keep-alive',
37 verbose headers   'x-served-by': 'cache-atl6223-ATL',
37 verbose headers   'x-cache': 'MISS',
37 verbose headers   'x-cache-hits': '0',
37 verbose headers   'x-timer': 'S1502985093.487528,VS0,VE432',
37 verbose headers   vary: 'Accept-Encoding, Accept' }
38 verbose request invalidating /home/ups/.npm/registry.npmjs.org/platzom on PUT
39 error publish Failed PUT 403
40 verbose stack Error: you do not have permission to publish "platzom". Are you logged in as the correct user? : platzom
40 verbose stack     at makeError (/usr/lib/node_modules/npm/node_modules/npm-registry-client/lib/request.js:302:12)
40 verbose stack     at CachingRegistryClient.<anonymous> (/usr/lib/node_modules/npm/node_modules/npm-registry-client/lib/request.js:290:14)
40 verbose stack     at Request._callback (/usr/lib/node_modules/npm/node_modules/npm-registry-client/lib/request.js:210:14)
40 verbose stack     at Request.self.callback (/usr/lib/node_modules/npm/node_modules/request/request.js:187:22)
40 verbose stack     at emitTwo (events.js:106:13)
40 verbose stack     at Request.emit (events.js:191:7)
40 verbose stack     at Request.<anonymous> (/usr/lib/node_modules/npm/node_modules/request/request.js:1048:10)
40 verbose stack     at emitOne (events.js:96:13)
40 verbose stack     at Request.emit (events.js:188:7)
40 verbose stack     at IncomingMessage.<anonymous> (/usr/lib/node_modules/npm/node_modules/request/request.js:969:12)
41 verbose statusCode 403
42 verbose pkgid platzom
43 verbose cwd /home/ups/Documents/Knowledge.Observatory/Continuous.Training/Platzi/Javascript.Development/Fundamentos.Javascript/Paquetes.NPM/platzom
44 error Linux 4.4.0-83-generic
45 error argv "/usr/bin/nodejs" "/usr/bin/npm" "publish"
46 error node v6.11.1
47 error npm  v3.10.10
48 error code E403
49 error you do not have permission to publish "platzom". Are you logged in as the correct user? : platzom
50 error If you need help, you may report this error at:
50 error     <https://github.com/npm/npm/issues>
51 verbose exit [ 1, true ]
